../Zn_08_27tons_117C_100s_027/Zn_08_27tons_117C_100s_027_image00004.tif,    63572338840.00000,
../Zn_08_27tons_117C_100s_027/Zn_08_27tons_117C_100s_027_image00008.tif,    63572338850.00000,
../Zn_08_27tons_117C_100s_027/Zn_08_27tons_117C_100s_027_image00012.tif,    63572338860.00000,
../Zn_08_27tons_117C_100s_027/Zn_08_27tons_117C_100s_027_image00016.tif,    63572338869.99999,
../Zn_08_27tons_117C_100s_027/Zn_08_27tons_117C_100s_027_image00020.tif,    63572338879.99999,
../Zn_08_27tons_117C_100s_027/Zn_08_27tons_117C_100s_027_image00024.tif,    63572338889.99999,
../Zn_08_27tons_117C_100s_027/Zn_08_27tons_117C_100s_027_image00028.tif,    63572338900.00001,
../Zn_08_27tons_117C_100s_027/Zn_08_27tons_117C_100s_027_image00032.tif,    63572338909.99999,
../Zn_08_27tons_117C_100s_027/Zn_08_27tons_117C_100s_027_image00036.tif,    63572338919.99999,
../Zn_08_27tons_117C_100s_027/Zn_08_27tons_117C_100s_027_image00040.tif,    63572338930.00001,
../Zn_08_27tons_117C_100s_027/Zn_08_27tons_117C_100s_027_image00044.tif,    63572338939.99999,
../Zn_08_27tons_117C_100s_027/Zn_08_27tons_117C_100s_027_image00048.tif,    63572338950.00001,
../Zn_08_27tons_117C_100s_027/Zn_08_27tons_117C_100s_027_image00052.tif,    63572338960.00001,
../Zn_08_27tons_117C_100s_027/Zn_08_27tons_117C_100s_027_image00056.tif,    63572338969.99999,
../Zn_08_27tons_117C_100s_027/Zn_08_27tons_117C_100s_027_image00060.tif,    63572338980.00000,
../Zn_08_27tons_117C_100s_027/Zn_08_27tons_117C_100s_027_image00064.tif,    63572338990.00000,
../Zn_08_27tons_117C_100s_027/Zn_08_27tons_117C_100s_027_image00068.tif,    63572339000.00000,
../Zn_08_27tons_117C_100s_027/Zn_08_27tons_117C_100s_027_image00072.tif,    63572339010.00000,
../Zn_08_27tons_117C_100s_027/Zn_08_27tons_117C_100s_027_image00076.tif,    63572339020.00000,
../Zn_08_27tons_117C_100s_027/Zn_08_27tons_117C_100s_027_image00080.tif,    63572339030.00000,
../Zn_08_27tons_117C_100s_027/Zn_08_27tons_117C_100s_027_image00084.tif,    63572339040.00000,
../Zn_08_27tons_117C_100s_027/Zn_08_27tons_117C_100s_027_image00088.tif,    63572339050.00000,
../Zn_08_27tons_117C_100s_027/Zn_08_27tons_117C_100s_027_image00092.tif,    63572339060.00000,
../Zn_08_27tons_117C_100s_027/Zn_08_27tons_117C_100s_027_image00096.tif,    63572339070.00000,
../Zn_08_27tons_117C_100s_027/Zn_08_27tons_117C_100s_027_image00100.tif,    63572339080.00001,
../Zn_08_27tons_117C_100s_027/Zn_08_27tons_117C_100s_027_image00104.tif,    63572339089.99999,
../Zn_08_27tons_117C_100s_027/Zn_08_27tons_117C_100s_027_image00108.tif,    63572339099.99999,
../Zn_08_27tons_117C_100s_027/Zn_08_27tons_117C_100s_027_image00112.tif,    63572339110.00001,
../Zn_08_27tons_117C_100s_027/Zn_08_27tons_117C_100s_027_image00116.tif,    63572339119.99999,
../Zn_08_27tons_117C_100s_027/Zn_08_27tons_117C_100s_027_image00120.tif,    63572339130.00001,
../Zn_08_27tons_117C_100s_027/Zn_08_27tons_117C_100s_027_image00124.tif,    63572339140.00001,
../Zn_08_27tons_117C_100s_027/Zn_08_27tons_117C_100s_027_image00128.tif,    63572339149.99999,
../Zn_08_27tons_117C_100s_027/Zn_08_27tons_117C_100s_027_image00132.tif,    63572339160.00001,
../Zn_08_27tons_117C_100s_027/Zn_08_27tons_117C_100s_027_image00136.tif,    63572339170.00001,
../Zn_08_27tons_117C_100s_027/Zn_08_27tons_117C_100s_027_image00140.tif,    63572339180.00001,
../Zn_08_27tons_117C_100s_027/Zn_08_27tons_117C_100s_027_image00144.tif,    63572339190.00000,
../Zn_08_27tons_117C_100s_027/Zn_08_27tons_117C_100s_027_image00148.tif,    63572339200.00000,
../Zn_08_27tons_117C_100s_027/Zn_08_27tons_117C_100s_027_image00152.tif,    63572339210.00000,
../Zn_08_27tons_117C_100s_027/Zn_08_27tons_117C_100s_027_image00156.tif,    63572339220.00000,
../Zn_08_27tons_117C_100s_027/Zn_08_27tons_117C_100s_027_image00160.tif,    63572339230.00000,
../Zn_08_27tons_117C_100s_027/Zn_08_27tons_117C_100s_027_image00164.tif,    63572339240.00000,
../Zn_08_27tons_117C_100s_027/Zn_08_27tons_117C_100s_027_image00168.tif,    63572339250.00000,
../Zn_08_27tons_117C_100s_027/Zn_08_27tons_117C_100s_027_image00172.tif,    63572339260.00000,
../Zn_08_27tons_117C_100s_027/Zn_08_27tons_117C_100s_027_image00176.tif,    63572339270.00000,
../Zn_08_27tons_117C_100s_027/Zn_08_27tons_117C_100s_027_image00180.tif,    63572339280.00000,
../Zn_08_27tons_117C_100s_027/Zn_08_27tons_117C_100s_027_image00184.tif,    63572339290.00000,
../Zn_08_27tons_117C_100s_027/Zn_08_27tons_117C_100s_027_image00188.tif,    63572339300.00000,
../Zn_08_27tons_117C_100s_027/Zn_08_27tons_117C_100s_027_image00192.tif,    63572339310.00000,
../Zn_08_27tons_117C_100s_027/Zn_08_27tons_117C_100s_027_image00196.tif,    63572339319.99999,
../Zn_08_27tons_117C_100s_027/Zn_08_27tons_117C_100s_027_image00200.tif,    63572339329.99999,
